
> angular-quickstart@1.0.0 start /home/freitas/git/cursoTypeScript/01-cadastro-contatos
> tsc && concurrently "tsc -w" "lite-server" 


> angular-quickstart@1.0.0 start /home/freitas/git/cursoTypeScript/01-cadastro-contatos
> tsc && concurrently "tsc -w" "lite-server" 

[0] 18:03:34 - Compilation complete. Watching for file changes.
[0] 
[0] 
[1] Did not detect a `bs-config.json` or `bs-config.js` override file. Using lite-server defaults...
[1] ** browser-sync config **
[1] { injectChanges: false,
[1]   files: [ './**/*.{html,htm,css,js}' ],
[1]   watchOptions: { ignored: 'node_modules' },
[1]   server: { baseDir: './', middleware: [ [Function], [Function] ] } }
[1] [BS] Access URLs:
[1]  ------------------------------------
[1]        Local: http://localhost:3000
[1]     External: http://192.168.0.6:3000
[1]  ------------------------------------
[1]           UI: http://localhost:3001
[1]  UI External: http://192.168.0.6:3001
[1]  ------------------------------------
[1] [BS] Serving files from: ./
[1] [BS] Watching files...
[1] [90m17.04.01 18:03:36[0m [36m304[0m [35mGET[0m [90m/index.html[0m
[1] [90m17.04.01 18:03:36[0m [36m304[0m [35mGET[0m [90m/styles.css[0m
[1] [90m17.04.01 18:03:36[0m [36m304[0m [35mGET[0m [90m/node_modules/bootstrap/dist/css/bootstrap.min.css[0m
[1] [90m17.04.01 18:03:36[0m [36m304[0m [35mGET[0m [90m/node_modules/core-js/client/shim.min.js[0m
[1] [90m17.04.01 18:03:36[0m [36m304[0m [35mGET[0m [90m/node_modules/reflect-metadata/Reflect.js[0m
[1] [90m17.04.01 18:03:36[0m [36m304[0m [35mGET[0m [90m/node_modules/zone.js/dist/zone.js[0m
[1] [90m17.04.01 18:03:37[0m [36m304[0m [35mGET[0m [90m/node_modules/systemjs/dist/system.src.js[0m
[1] [90m17.04.01 18:03:37[0m [36m304[0m [35mGET[0m [90m/systemjs.config.js[0m
[1] [90m17.04.01 18:03:37[0m [32m200[0m [35mGET[0m [90m/app/main.js[0m
[1] [90m17.04.01 18:03:37[0m [36m304[0m [35mGET[0m [90m/node_modules/@angular/platform-browser-dynamic/bundles/platform-browser-dynamic.umd.js[0m
[1] [90m17.04.01 18:03:37[0m [32m200[0m [35mGET[0m [90m/app/app.module.js[0m
[1] [90m17.04.01 18:03:37[0m [36m304[0m [35mGET[0m [90m/node_modules/@angular/compiler/bundles/compiler.umd.js[0m
[1] [90m17.04.01 18:03:37[0m [36m304[0m [35mGET[0m [90m/node_modules/@angular/platform-browser/bundles/platform-browser.umd.js[0m
[1] [90m17.04.01 18:03:37[0m [36m304[0m [35mGET[0m [90m/node_modules/@angular/core/bundles/core.umd.js[0m
[1] [90m17.04.01 18:03:37[0m [33m404[0m [35mGET[0m [90m/favicon.ico[0m
[1] [90m17.04.01 18:03:37[0m [32m200[0m [35mGET[0m [90m/app/app-routing.module.js[0m
[1] [90m17.04.01 18:03:37[0m [32m200[0m [35mGET[0m [90m/app/app.component.js[0m
[1] [90m17.04.01 18:03:37[0m [32m200[0m [35mGET[0m [90m/app/contatos/contatos.module.js[0m
[1] [90m17.04.01 18:03:37[0m [36m304[0m [35mGET[0m [90m/node_modules/@angular/router/bundles/router.umd.js[0m
[1] [90m17.04.01 18:03:37[0m [32m200[0m [35mGET[0m [90m/app/contatos/contato-routing.module.js[0m
[1] [90m17.04.01 18:03:37[0m [32m200[0m [35mGET[0m [90m/app/contatos/contato.service.js[0m
[1] [90m17.04.01 18:03:37[0m [32m200[0m [35mGET[0m [90m/app/contatos/contatos-lista.component.js[0m
[1] [90m17.04.01 18:03:37[0m [32m200[0m [35mGET[0m [90m/app/contatos/contato-detalhe.component.js[0m
[1] [90m17.04.01 18:03:37[0m [32m200[0m [35mGET[0m [90m/app/contatos/contatos-mock.js[0m
[1] [90m17.04.01 18:03:37[0m [36m304[0m [35mGET[0m [90m/node_modules/@angular/common/bundles/common.umd.js[0m
[1] [90m17.04.01 18:03:37[0m [36m304[0m [35mGET[0m [90m/node_modules/rxjs/Subject.js[0m
[1] [90m17.04.01 18:03:37[0m [36m304[0m [35mGET[0m [90m/node_modules/rxjs/observable/from.js[0m
[1] [90m17.04.01 18:03:37[0m [36m304[0m [35mGET[0m [90m/node_modules/rxjs/operator/every.js[0m
[1] [90m17.04.01 18:03:37[0m [36m304[0m [35mGET[0m [90m/node_modules/rxjs/operator/map.js[0m
[1] [90m17.04.01 18:03:37[0m [36m304[0m [35mGET[0m [90m/node_modules/rxjs/observable/of.js[0m
[1] [90m17.04.01 18:03:37[0m [36m304[0m [35mGET[0m [90m/node_modules/rxjs/operator/concatMap.js[0m
[1] [90m17.04.01 18:03:37[0m [36m304[0m [35mGET[0m [90m/node_modules/rxjs/operator/mergeMap.js[0m
[1] [90m17.04.01 18:03:37[0m [36m304[0m [35mGET[0m [90m/node_modules/rxjs/Observable.js[0m
[1] [90m17.04.01 18:03:37[0m [36m304[0m [35mGET[0m [90m/node_modules/rxjs/operator/mergeAll.js[0m
[1] [90m17.04.01 18:03:37[0m [36m304[0m [35mGET[0m [90m/node_modules/rxjs/operator/catch.js[0m
[1] [90m17.04.01 18:03:37[0m [36m304[0m [35mGET[0m [90m/node_modules/rxjs/operator/first.js[0m
[1] [90m17.04.01 18:03:37[0m [36m304[0m [35mGET[0m [90m/node_modules/rxjs/operator/reduce.js[0m
[1] [90m17.04.01 18:03:37[0m [36m304[0m [35mGET[0m [90m/node_modules/rxjs/util/EmptyError.js[0m
[1] [90m17.04.01 18:03:37[0m [36m304[0m [35mGET[0m [90m/node_modules/rxjs/observable/fromPromise.js[0m
[1] [90m17.04.01 18:03:37[0m [36m304[0m [35mGET[0m [90m/node_modules/rxjs/operator/last.js[0m
[1] [90m17.04.01 18:03:37[0m [36m304[0m [35mGET[0m [90m/node_modules/rxjs/BehaviorSubject.js[0m
[1] [90m17.04.01 18:03:37[0m [36m304[0m [35mGET[0m [90m/node_modules/rxjs/operator/filter.js[0m
[1] [90m17.04.01 18:03:37[0m [32m200[0m [35mGET[0m [90m/app/contatos/contato.model.js[0m
[1] [90m17.04.01 18:03:37[0m [36m304[0m [35mGET[0m [90m/node_modules/rxjs/operator/concatAll.js[0m
[1] [90m17.04.01 18:03:37[0m [36m304[0m [35mGET[0m [90m/node_modules/rxjs/observable/FromObservable.js[0m
[1] [90m17.04.01 18:03:37[0m [36m304[0m [35mGET[0m [90m/node_modules/rxjs/Subscriber.js[0m
[1] [90m17.04.01 18:03:37[0m [36m304[0m [35mGET[0m [90m/node_modules/rxjs/Subscription.js[0m
[1] [90m17.04.01 18:03:37[0m [36m304[0m [35mGET[0m [90m/node_modules/rxjs/util/ObjectUnsubscribedError.js[0m
[1] [90m17.04.01 18:03:37[0m [36m304[0m [35mGET[0m [90m/node_modules/rxjs/SubjectSubscription.js[0m
[1] [90m17.04.01 18:03:37[0m [36m304[0m [35mGET[0m [90m/node_modules/@angular/forms/bundles/forms.umd.js[0m
[1] [90m17.04.01 18:03:37[0m [36m304[0m [35mGET[0m [90m/node_modules/rxjs/observable/ArrayObservable.js[0m
[1] [90m17.04.01 18:03:37[0m [36m304[0m [35mGET[0m [90m/node_modules/rxjs/symbol/rxSubscriber.js[0m
[1] [90m17.04.01 18:03:37[0m [36m304[0m [35mGET[0m [90m/node_modules/rxjs/util/root.js[0m
[1] [90m17.04.01 18:03:37[0m [36m304[0m [35mGET[0m [90m/node_modules/rxjs/util/toSubscriber.js[0m
[1] [90m17.04.01 18:03:37[0m [36m304[0m [35mGET[0m [90m/node_modules/rxjs/symbol/observable.js[0m
[1] [90m17.04.01 18:03:37[0m [36m304[0m [35mGET[0m [90m/node_modules/rxjs/util/subscribeToResult.js[0m
[1] [90m17.04.01 18:03:37[0m [36m304[0m [35mGET[0m [90m/node_modules/rxjs/OuterSubscriber.js[0m
[1] [90m17.04.01 18:03:37[0m [36m304[0m [35mGET[0m [90m/node_modules/rxjs/observable/PromiseObservable.js[0m
[1] [90m17.04.01 18:03:37[0m [36m304[0m [35mGET[0m [90m/node_modules/rxjs/util/isArray.js[0m
[1] [90m17.04.01 18:03:37[0m [36m304[0m [35mGET[0m [90m/node_modules/rxjs/util/isPromise.js[0m
[1] [90m17.04.01 18:03:37[0m [36m304[0m [35mGET[0m [90m/node_modules/rxjs/observable/IteratorObservable.js[0m
[1] [90m17.04.01 18:03:37[0m [36m304[0m [35mGET[0m [90m/node_modules/rxjs/observable/ArrayLikeObservable.js[0m
[1] [90m17.04.01 18:03:37[0m [36m304[0m [35mGET[0m [90m/node_modules/rxjs/symbol/iterator.js[0m
[1] [90m17.04.01 18:03:37[0m [36m304[0m [35mGET[0m [90m/node_modules/rxjs/operator/observeOn.js[0m
[1] [90m17.04.01 18:03:37[0m [36m304[0m [35mGET[0m [90m/node_modules/rxjs/util/isFunction.js[0m
[1] [90m17.04.01 18:03:37[0m [36m304[0m [35mGET[0m [90m/node_modules/rxjs/Observer.js[0m
[1] [90m17.04.01 18:03:37[0m [36m304[0m [35mGET[0m [90m/node_modules/rxjs/util/isObject.js[0m
[1] [90m17.04.01 18:03:37[0m [36m304[0m [35mGET[0m [90m/node_modules/rxjs/util/tryCatch.js[0m
[1] [90m17.04.01 18:03:37[0m [36m304[0m [35mGET[0m [90m/node_modules/rxjs/util/errorObject.js[0m
[1] [90m17.04.01 18:03:37[0m [36m304[0m [35mGET[0m [90m/node_modules/rxjs/util/UnsubscriptionError.js[0m
[1] [90m17.04.01 18:03:37[0m [36m304[0m [35mGET[0m [90m/node_modules/rxjs/observable/ScalarObservable.js[0m
[1] [90m17.04.01 18:03:37[0m [36m304[0m [35mGET[0m [90m/node_modules/rxjs/util/isScheduler.js[0m
[1] [90m17.04.01 18:03:37[0m [36m304[0m [35mGET[0m [90m/node_modules/rxjs/observable/EmptyObservable.js[0m
[1] [90m17.04.01 18:03:37[0m [36m304[0m [35mGET[0m [90m/node_modules/rxjs/InnerSubscriber.js[0m
[1] [90m17.04.01 18:03:37[0m [36m304[0m [35mGET[0m [90m/node_modules/rxjs/Notification.js[0m
[1] [90m17.04.01 18:03:37[0m [36m304[0m [35mGET[0m [90m/node_modules/rxjs/operator/toPromise.js[0m
[1] [90m17.04.01 18:03:38[0m [36m304[0m [35mGET[0m [90m/app/contatos/contatos-lista.component.html[0m
[1] [90m17.04.01 18:03:38[0m [36m304[0m [35mGET[0m [90m/app/contatos/contato-detalhe.component.html[0m
[1] [90m17.04.01 18:03:38[0m [36m304[0m [35mGET[0m [90m/app/app.component.html[0m
[1] [90m17.04.01 18:04:00[0m [36m304[0m [35mGET[0m [90m/index.html[0m
[1] [90m17.04.01 18:04:00[0m [36m304[0m [35mGET[0m [90m/node_modules/bootstrap/dist/css/bootstrap.min.css[0m
[1] [90m17.04.01 18:04:00[0m [36m304[0m [35mGET[0m [90m/styles.css[0m
[1] [90m17.04.01 18:04:00[0m [36m304[0m [35mGET[0m [90m/node_modules/core-js/client/shim.min.js[0m
[1] [90m17.04.01 18:04:00[0m [36m304[0m [35mGET[0m [90m/node_modules/zone.js/dist/zone.js[0m
[1] [90m17.04.01 18:04:00[0m [36m304[0m [35mGET[0m [90m/node_modules/reflect-metadata/Reflect.js[0m
[1] [90m17.04.01 18:04:00[0m [36m304[0m [35mGET[0m [90m/node_modules/systemjs/dist/system.src.js[0m
[1] [90m17.04.01 18:04:00[0m [36m304[0m [35mGET[0m [90m/systemjs.config.js[0m
[1] [90m17.04.01 18:04:00[0m [36m304[0m [35mGET[0m [90m/app/main.js[0m
[1] [90m17.04.01 18:04:00[0m [36m304[0m [35mGET[0m [90m/node_modules/@angular/platform-browser-dynamic/bundles/platform-browser-dynamic.umd.js[0m
[1] [90m17.04.01 18:04:00[0m [36m304[0m [35mGET[0m [90m/app/app.module.js[0m
[1] [90m17.04.01 18:04:00[0m [36m304[0m [35mGET[0m [90m/node_modules/@angular/compiler/bundles/compiler.umd.js[0m
[1] [90m17.04.01 18:04:00[0m [36m304[0m [35mGET[0m [90m/node_modules/@angular/core/bundles/core.umd.js[0m
[1] [90m17.04.01 18:04:00[0m [36m304[0m [35mGET[0m [90m/node_modules/@angular/platform-browser/bundles/platform-browser.umd.js[0m
[1] [90m17.04.01 18:04:00[0m [36m304[0m [35mGET[0m [90m/app/app.component.js[0m
[1] [90m17.04.01 18:04:00[0m [36m304[0m [35mGET[0m [90m/app/app-routing.module.js[0m
[1] [90m17.04.01 18:04:00[0m [36m304[0m [35mGET[0m [90m/app/contatos/contatos.module.js[0m
[1] [90m17.04.01 18:04:00[0m [36m304[0m [35mGET[0m [90m/node_modules/@angular/common/bundles/common.umd.js[0m
[1] [90m17.04.01 18:04:00[0m [36m304[0m [35mGET[0m [90m/node_modules/rxjs/Subject.js[0m
[1] [90m17.04.01 18:04:00[0m [36m304[0m [35mGET[0m [90m/node_modules/rxjs/Observable.js[0m
[1] [90m17.04.01 18:04:00[0m [36m304[0m [35mGET[0m [90m/node_modules/@angular/router/bundles/router.umd.js[0m
[1] [90m17.04.01 18:04:00[0m [36m304[0m [35mGET[0m [90m/node_modules/@angular/forms/bundles/forms.umd.js[0m
[1] [90m17.04.01 18:04:00[0m [36m304[0m [35mGET[0m [90m/app/contatos/contato-routing.module.js[0m
[1] [90m17.04.01 18:04:00[0m [36m304[0m [35mGET[0m [90m/app/contatos/contatos-lista.component.js[0m
[1] [90m17.04.01 18:04:00[0m [36m304[0m [35mGET[0m [90m/app/contatos/contato-detalhe.component.js[0m
[1] [90m17.04.01 18:04:00[0m [36m304[0m [35mGET[0m [90m/app/contatos/contato.service.js[0m
[1] [90m17.04.01 18:04:00[0m [36m304[0m [35mGET[0m [90m/node_modules/rxjs/Subscriber.js[0m
[1] [90m17.04.01 18:04:00[0m [36m304[0m [35mGET[0m [90m/node_modules/rxjs/Subscription.js[0m
[1] [90m17.04.01 18:04:00[0m [36m304[0m [35mGET[0m [90m/node_modules/rxjs/util/ObjectUnsubscribedError.js[0m
[1] [90m17.04.01 18:04:00[0m [36m304[0m [35mGET[0m [90m/node_modules/rxjs/SubjectSubscription.js[0m
[1] [90m17.04.01 18:04:00[0m [36m304[0m [35mGET[0m [90m/node_modules/rxjs/symbol/rxSubscriber.js[0m
[1] [90m17.04.01 18:04:00[0m [36m304[0m [35mGET[0m [90m/node_modules/rxjs/util/toSubscriber.js[0m
[1] [90m17.04.01 18:04:00[0m [36m304[0m [35mGET[0m [90m/node_modules/rxjs/util/root.js[0m
[1] [90m17.04.01 18:04:00[0m [36m304[0m [35mGET[0m [90m/node_modules/rxjs/symbol/observable.js[0m
[1] [90m17.04.01 18:04:00[0m [36m304[0m [35mGET[0m [90m/node_modules/rxjs/observable/from.js[0m
[1] [90m17.04.01 18:04:00[0m [36m304[0m [35mGET[0m [90m/node_modules/rxjs/observable/of.js[0m
[1] [90m17.04.01 18:04:00[0m [36m304[0m [35mGET[0m [90m/node_modules/rxjs/operator/concatMap.js[0m
[1] [90m17.04.01 18:04:00[0m [36m304[0m [35mGET[0m [90m/node_modules/rxjs/operator/every.js[0m
[1] [90m17.04.01 18:04:00[0m [36m304[0m [35mGET[0m [90m/node_modules/rxjs/operator/reduce.js[0m
[1] [90m17.04.01 18:04:00[0m [36m304[0m [35mGET[0m [90m/node_modules/rxjs/operator/catch.js[0m
[1] [90m17.04.01 18:04:00[0m [36m304[0m [35mGET[0m [90m/node_modules/rxjs/operator/map.js[0m
[1] [90m17.04.01 18:04:00[0m [36m304[0m [35mGET[0m [90m/node_modules/rxjs/operator/mergeAll.js[0m
[1] [90m17.04.01 18:04:00[0m [36m304[0m [35mGET[0m [90m/node_modules/rxjs/operator/mergeMap.js[0m
[1] [90m17.04.01 18:04:00[0m [36m304[0m [35mGET[0m [90m/node_modules/rxjs/operator/concatAll.js[0m
[1] [90m17.04.01 18:04:00[0m [36m304[0m [35mGET[0m [90m/node_modules/rxjs/operator/first.js[0m
[1] [90m17.04.01 18:04:00[0m [36m304[0m [35mGET[0m [90m/node_modules/rxjs/util/EmptyError.js[0m
[1] [90m17.04.01 18:04:00[0m [36m304[0m [35mGET[0m [90m/node_modules/rxjs/observable/fromPromise.js[0m
[1] [90m17.04.01 18:04:00[0m [36m304[0m [35mGET[0m [90m/node_modules/rxjs/operator/last.js[0m
[1] [90m17.04.01 18:04:00[0m [36m304[0m [35mGET[0m [90m/node_modules/rxjs/BehaviorSubject.js[0m
[1] [90m17.04.01 18:04:00[0m [36m304[0m [35mGET[0m [90m/node_modules/rxjs/operator/filter.js[0m
[1] [90m17.04.01 18:04:00[0m [36m304[0m [35mGET[0m [90m/node_modules/rxjs/operator/toPromise.js[0m
[1] [90m17.04.01 18:04:00[0m [36m304[0m [35mGET[0m [90m/app/contatos/contato.model.js[0m
[1] [90m17.04.01 18:04:00[0m [36m304[0m [35mGET[0m [90m/app/contatos/contatos-mock.js[0m
[1] [90m17.04.01 18:04:00[0m [36m304[0m [35mGET[0m [90m/node_modules/rxjs/util/isFunction.js[0m
[1] [90m17.04.01 18:04:00[0m [36m304[0m [35mGET[0m [90m/node_modules/rxjs/Observer.js[0m
[1] [90m17.04.01 18:04:00[0m [36m304[0m [35mGET[0m [90m/node_modules/rxjs/util/isArray.js[0m
[1] [90m17.04.01 18:04:00[0m [36m304[0m [35mGET[0m [90m/node_modules/rxjs/util/isObject.js[0m
[1] [90m17.04.01 18:04:00[0m [36m304[0m [35mGET[0m [90m/node_modules/rxjs/util/tryCatch.js[0m
[1] [90m17.04.01 18:04:00[0m [36m304[0m [35mGET[0m [90m/node_modules/rxjs/util/errorObject.js[0m
[1] [90m17.04.01 18:04:00[0m [36m304[0m [35mGET[0m [90m/node_modules/rxjs/util/UnsubscriptionError.js[0m
[1] [90m17.04.01 18:04:00[0m [36m304[0m [35mGET[0m [90m/node_modules/rxjs/observable/FromObservable.js[0m
[1] [90m17.04.01 18:04:00[0m [36m304[0m [35mGET[0m [90m/node_modules/rxjs/observable/ArrayObservable.js[0m
[1] [90m17.04.01 18:04:00[0m [36m304[0m [35mGET[0m [90m/node_modules/rxjs/OuterSubscriber.js[0m
[1] [90m17.04.01 18:04:00[0m [36m304[0m [35mGET[0m [90m/node_modules/rxjs/util/subscribeToResult.js[0m
[1] [90m17.04.01 18:04:00[0m [36m304[0m [35mGET[0m [90m/node_modules/rxjs/observable/PromiseObservable.js[0m
[1] [90m17.04.01 18:04:00[0m [36m304[0m [35mGET[0m [90m/node_modules/rxjs/util/isPromise.js[0m
[1] [90m17.04.01 18:04:00[0m [36m304[0m [35mGET[0m [90m/node_modules/rxjs/observable/IteratorObservable.js[0m
[1] [90m17.04.01 18:04:00[0m [36m304[0m [35mGET[0m [90m/node_modules/rxjs/observable/ArrayLikeObservable.js[0m
[1] [90m17.04.01 18:04:00[0m [36m304[0m [35mGET[0m [90m/node_modules/rxjs/symbol/iterator.js[0m
[1] [90m17.04.01 18:04:00[0m [36m304[0m [35mGET[0m [90m/node_modules/rxjs/operator/observeOn.js[0m
[1] [90m17.04.01 18:04:00[0m [36m304[0m [35mGET[0m [90m/node_modules/rxjs/observable/EmptyObservable.js[0m
[1] [90m17.04.01 18:04:00[0m [36m304[0m [35mGET[0m [90m/node_modules/rxjs/observable/ScalarObservable.js[0m
[1] [90m17.04.01 18:04:00[0m [36m304[0m [35mGET[0m [90m/node_modules/rxjs/util/isScheduler.js[0m
[1] [90m17.04.01 18:04:00[0m [36m304[0m [35mGET[0m [90m/node_modules/rxjs/InnerSubscriber.js[0m
[1] [90m17.04.01 18:04:00[0m [36m304[0m [35mGET[0m [90m/node_modules/rxjs/Notification.js[0m
[1] [90m17.04.01 18:04:00[0m [36m304[0m [35mGET[0m [90m/app/contatos/contatos-lista.component.html[0m
[1] [90m17.04.01 18:04:00[0m [36m304[0m [35mGET[0m [90m/app/contatos/contato-detalhe.component.html[0m
[1] [90m17.04.01 18:04:00[0m [36m304[0m [35mGET[0m [90m/app/app.component.html[0m
[1] [90m17.04.01 18:04:25[0m [36m304[0m [35mGET[0m [90m/index.html[0m
[1] [90m17.04.01 18:04:25[0m [36m304[0m [35mGET[0m [90m/node_modules/bootstrap/dist/css/bootstrap.min.css[0m
[1] [90m17.04.01 18:04:25[0m [36m304[0m [35mGET[0m [90m/styles.css[0m
[1] [90m17.04.01 18:04:25[0m [36m304[0m [35mGET[0m [90m/node_modules/core-js/client/shim.min.js[0m
[1] [90m17.04.01 18:04:25[0m [36m304[0m [35mGET[0m [90m/node_modules/zone.js/dist/zone.js[0m
[1] [90m17.04.01 18:04:25[0m [36m304[0m [35mGET[0m [90m/node_modules/reflect-metadata/Reflect.js[0m
[1] [90m17.04.01 18:04:25[0m [36m304[0m [35mGET[0m [90m/node_modules/systemjs/dist/system.src.js[0m
[1] [90m17.04.01 18:04:25[0m [36m304[0m [35mGET[0m [90m/systemjs.config.js[0m
[1] [90m17.04.01 18:04:25[0m [36m304[0m [35mGET[0m [90m/app/main.js[0m
[1] [90m17.04.01 18:04:25[0m [36m304[0m [35mGET[0m [90m/node_modules/@angular/platform-browser-dynamic/bundles/platform-browser-dynamic.umd.js[0m
[1] [90m17.04.01 18:04:25[0m [36m304[0m [35mGET[0m [90m/app/app.module.js[0m
[1] [90m17.04.01 18:04:25[0m [36m304[0m [35mGET[0m [90m/node_modules/@angular/compiler/bundles/compiler.umd.js[0m
[1] [90m17.04.01 18:04:25[0m [36m304[0m [35mGET[0m [90m/node_modules/@angular/core/bundles/core.umd.js[0m
[1] [90m17.04.01 18:04:25[0m [36m304[0m [35mGET[0m [90m/node_modules/@angular/platform-browser/bundles/platform-browser.umd.js[0m
[1] [90m17.04.01 18:04:25[0m [36m304[0m [35mGET[0m [90m/app/app.component.js[0m
[1] [90m17.04.01 18:04:25[0m [36m304[0m [35mGET[0m [90m/app/app-routing.module.js[0m
[1] [90m17.04.01 18:04:25[0m [36m304[0m [35mGET[0m [90m/app/contatos/contatos.module.js[0m
[1] [90m17.04.01 18:04:25[0m [36m304[0m [35mGET[0m [90m/node_modules/@angular/common/bundles/common.umd.js[0m
[1] [90m17.04.01 18:04:25[0m [36m304[0m [35mGET[0m [90m/node_modules/rxjs/Subject.js[0m
[1] [90m17.04.01 18:04:25[0m [36m304[0m [35mGET[0m [90m/node_modules/rxjs/Observable.js[0m
[1] [90m17.04.01 18:04:25[0m [36m304[0m [35mGET[0m [90m/node_modules/@angular/router/bundles/router.umd.js[0m
[1] [90m17.04.01 18:04:25[0m [36m304[0m [35mGET[0m [90m/node_modules/@angular/forms/bundles/forms.umd.js[0m
[1] [90m17.04.01 18:04:25[0m [36m304[0m [35mGET[0m [90m/app/contatos/contato-routing.module.js[0m
[1] [90m17.04.01 18:04:25[0m [36m304[0m [35mGET[0m [90m/app/contatos/contatos-lista.component.js[0m
[1] [90m17.04.01 18:04:25[0m [36m304[0m [35mGET[0m [90m/app/contatos/contato-detalhe.component.js[0m
[1] [90m17.04.01 18:04:25[0m [36m304[0m [35mGET[0m [90m/app/contatos/contato.service.js[0m
[1] [90m17.04.01 18:04:25[0m [36m304[0m [35mGET[0m [90m/node_modules/rxjs/Subscriber.js[0m
[1] [90m17.04.01 18:04:25[0m [36m304[0m [35mGET[0m [90m/node_modules/rxjs/Subscription.js[0m
[1] [90m17.04.01 18:04:25[0m [36m304[0m [35mGET[0m [90m/node_modules/rxjs/util/ObjectUnsubscribedError.js[0m
[1] [90m17.04.01 18:04:25[0m [36m304[0m [35mGET[0m [90m/node_modules/rxjs/SubjectSubscription.js[0m
[1] [90m17.04.01 18:04:25[0m [36m304[0m [35mGET[0m [90m/node_modules/rxjs/symbol/rxSubscriber.js[0m
[1] [90m17.04.01 18:04:25[0m [36m304[0m [35mGET[0m [90m/node_modules/rxjs/util/root.js[0m
[1] [90m17.04.01 18:04:25[0m [36m304[0m [35mGET[0m [90m/node_modules/rxjs/util/toSubscriber.js[0m
[1] [90m17.04.01 18:04:25[0m [36m304[0m [35mGET[0m [90m/node_modules/rxjs/symbol/observable.js[0m
[1] [90m17.04.01 18:04:25[0m [36m304[0m [35mGET[0m [90m/node_modules/rxjs/observable/from.js[0m
[1] [90m17.04.01 18:04:25[0m [36m304[0m [35mGET[0m [90m/node_modules/rxjs/observable/of.js[0m
[1] [90m17.04.01 18:04:25[0m [36m304[0m [35mGET[0m [90m/node_modules/rxjs/operator/concatMap.js[0m
[1] [90m17.04.01 18:04:25[0m [36m304[0m [35mGET[0m [90m/node_modules/rxjs/operator/every.js[0m
[1] [90m17.04.01 18:04:25[0m [36m304[0m [35mGET[0m [90m/node_modules/rxjs/operator/map.js[0m
[1] [90m17.04.01 18:04:25[0m [36m304[0m [35mGET[0m [90m/node_modules/rxjs/operator/mergeAll.js[0m
[1] [90m17.04.01 18:04:25[0m [36m304[0m [35mGET[0m [90m/node_modules/rxjs/operator/mergeMap.js[0m
[1] [90m17.04.01 18:04:25[0m [36m304[0m [35mGET[0m [90m/node_modules/rxjs/operator/reduce.js[0m
[1] [90m17.04.01 18:04:25[0m [36m304[0m [35mGET[0m [90m/node_modules/rxjs/operator/catch.js[0m
[1] [90m17.04.01 18:04:25[0m [36m304[0m [35mGET[0m [90m/node_modules/rxjs/operator/concatAll.js[0m
[1] [90m17.04.01 18:04:25[0m [36m304[0m [35mGET[0m [90m/node_modules/rxjs/operator/first.js[0m
[1] [90m17.04.01 18:04:25[0m [36m304[0m [35mGET[0m [90m/node_modules/rxjs/util/EmptyError.js[0m
[1] [90m17.04.01 18:04:25[0m [36m304[0m [35mGET[0m [90m/node_modules/rxjs/observable/fromPromise.js[0m
[1] [90m17.04.01 18:04:25[0m [36m304[0m [35mGET[0m [90m/node_modules/rxjs/operator/last.js[0m
[1] [90m17.04.01 18:04:25[0m [36m304[0m [35mGET[0m [90m/node_modules/rxjs/BehaviorSubject.js[0m
[1] [90m17.04.01 18:04:25[0m [36m304[0m [35mGET[0m [90m/node_modules/rxjs/operator/filter.js[0m
[1] [90m17.04.01 18:04:25[0m [36m304[0m [35mGET[0m [90m/app/contatos/contato.model.js[0m
[1] [90m17.04.01 18:04:25[0m [36m304[0m [35mGET[0m [90m/app/contatos/contatos-mock.js[0m
[1] [90m17.04.01 18:04:25[0m [36m304[0m [35mGET[0m [90m/node_modules/rxjs/operator/toPromise.js[0m
[1] [90m17.04.01 18:04:25[0m [36m304[0m [35mGET[0m [90m/node_modules/rxjs/util/isFunction.js[0m
[1] [90m17.04.01 18:04:25[0m [36m304[0m [35mGET[0m [90m/node_modules/rxjs/Observer.js[0m
[1] [90m17.04.01 18:04:25[0m [36m304[0m [35mGET[0m [90m/node_modules/rxjs/util/isArray.js[0m
[1] [90m17.04.01 18:04:25[0m [36m304[0m [35mGET[0m [90m/node_modules/rxjs/util/isObject.js[0m
[1] [90m17.04.01 18:04:25[0m [36m304[0m [35mGET[0m [90m/node_modules/rxjs/util/tryCatch.js[0m
[1] [90m17.04.01 18:04:25[0m [36m304[0m [35mGET[0m [90m/node_modules/rxjs/util/errorObject.js[0m
[1] [90m17.04.01 18:04:25[0m [36m304[0m [35mGET[0m [90m/node_modules/rxjs/util/UnsubscriptionError.js[0m
[1] [90m17.04.01 18:04:25[0m [36m304[0m [35mGET[0m [90m/node_modules/rxjs/observable/FromObservable.js[0m
[1] [90m17.04.01 18:04:25[0m [36m304[0m [35mGET[0m [90m/node_modules/rxjs/observable/ArrayObservable.js[0m
[1] [90m17.04.01 18:04:25[0m [36m304[0m [35mGET[0m [90m/node_modules/rxjs/OuterSubscriber.js[0m
[1] [90m17.04.01 18:04:25[0m [36m304[0m [35mGET[0m [90m/node_modules/rxjs/util/subscribeToResult.js[0m
[1] [90m17.04.01 18:04:25[0m [36m304[0m [35mGET[0m [90m/node_modules/rxjs/observable/PromiseObservable.js[0m
[1] [90m17.04.01 18:04:25[0m [36m304[0m [35mGET[0m [90m/node_modules/rxjs/util/isPromise.js[0m
[1] [90m17.04.01 18:04:25[0m [36m304[0m [35mGET[0m [90m/node_modules/rxjs/observable/IteratorObservable.js[0m
[1] [90m17.04.01 18:04:25[0m [36m304[0m [35mGET[0m [90m/node_modules/rxjs/observable/ArrayLikeObservable.js[0m
[1] [90m17.04.01 18:04:25[0m [36m304[0m [35mGET[0m [90m/node_modules/rxjs/symbol/iterator.js[0m
[1] [90m17.04.01 18:04:25[0m [36m304[0m [35mGET[0m [90m/node_modules/rxjs/operator/observeOn.js[0m
[1] [90m17.04.01 18:04:25[0m [36m304[0m [35mGET[0m [90m/node_modules/rxjs/observable/ScalarObservable.js[0m
[1] [90m17.04.01 18:04:25[0m [36m304[0m [35mGET[0m [90m/node_modules/rxjs/observable/EmptyObservable.js[0m
[1] [90m17.04.01 18:04:25[0m [36m304[0m [35mGET[0m [90m/node_modules/rxjs/util/isScheduler.js[0m
[1] [90m17.04.01 18:04:25[0m [36m304[0m [35mGET[0m [90m/node_modules/rxjs/InnerSubscriber.js[0m
[1] [90m17.04.01 18:04:25[0m [36m304[0m [35mGET[0m [90m/node_modules/rxjs/Notification.js[0m
[1] [90m17.04.01 18:04:25[0m [36m304[0m [35mGET[0m [90m/app/contatos/contatos-lista.component.html[0m
[1] [90m17.04.01 18:04:25[0m [36m304[0m [35mGET[0m [90m/app/contatos/contato-detalhe.component.html[0m
[1] [90m17.04.01 18:04:25[0m [36m304[0m [35mGET[0m [90m/app/app.component.html[0m
[1] [90m17.04.01 18:04:51[0m [32m200[0m [35mGET[0m [90m/index.html[0m
[1] [90m17.04.01 18:04:51[0m [32m200[0m [35mGET[0m [90m/node_modules/core-js/client/shim.min.js[0m
[1] [90m17.04.01 18:04:51[0m [32m200[0m [35mGET[0m [90m/node_modules/zone.js/dist/zone.js[0m
[1] [90m17.04.01 18:04:51[0m [32m200[0m [35mGET[0m [90m/styles.css[0m
[1] [90m17.04.01 18:04:51[0m [32m200[0m [35mGET[0m [90m/node_modules/bootstrap/dist/css/bootstrap.min.css[0m
[1] [90m17.04.01 18:04:51[0m [32m200[0m [35mGET[0m [90m/node_modules/systemjs/dist/system.src.js[0m
[1] [90m17.04.01 18:04:51[0m [32m200[0m [35mGET[0m [90m/node_modules/reflect-metadata/Reflect.js[0m
[1] [90m17.04.01 18:04:51[0m [32m200[0m [35mGET[0m [90m/systemjs.config.js[0m
[1] [90m17.04.01 18:04:51[0m [32m200[0m [35mGET[0m [90m/app/main.js[0m
[1] [90m17.04.01 18:04:51[0m [32m200[0m [35mGET[0m [90m/app/app.module.js[0m
[1] [90m17.04.01 18:04:51[0m [32m200[0m [35mGET[0m [90m/app/app.component.js[0m
[1] [90m17.04.01 18:04:51[0m [32m200[0m [35mGET[0m [90m/app/app-routing.module.js[0m
[1] [90m17.04.01 18:04:51[0m [32m200[0m [35mGET[0m [90m/app/contatos/contatos.module.js[0m
[1] [90m17.04.01 18:04:51[0m [32m200[0m [35mGET[0m [90m/node_modules/@angular/platform-browser-dynamic/bundles/platform-browser-dynamic.umd.js[0m
[1] [90m17.04.01 18:04:51[0m [32m200[0m [35mGET[0m [90m/node_modules/@angular/platform-browser/bundles/platform-browser.umd.js[0m
[1] [90m17.04.01 18:04:51[0m [32m200[0m [35mGET[0m [90m/app/contatos/contato-routing.module.js[0m
[1] [90m17.04.01 18:04:51[0m [32m200[0m [35mGET[0m [90m/node_modules/@angular/router/bundles/router.umd.js[0m
[1] [90m17.04.01 18:04:51[0m [32m200[0m [35mGET[0m [90m/app/contatos/contato-detalhe.component.js[0m
[1] [90m17.04.01 18:04:51[0m [32m200[0m [35mGET[0m [90m/app/contatos/contatos-lista.component.js[0m
[1] [90m17.04.01 18:04:51[0m [32m200[0m [35mGET[0m [90m/node_modules/@angular/common/bundles/common.umd.js[0m
[1] [90m17.04.01 18:04:51[0m [32m200[0m [35mGET[0m [90m/app/contatos/contato.service.js[0m
[1] [90m17.04.01 18:04:51[0m [32m200[0m [35mGET[0m [90m/node_modules/@angular/forms/bundles/forms.umd.js[0m
[1] [90m17.04.01 18:04:51[0m [32m200[0m [35mGET[0m [90m/node_modules/@angular/core/bundles/core.umd.js[0m
[1] [90m17.04.01 18:04:51[0m [32m200[0m [35mGET[0m [90m/node_modules/rxjs/observable/from.js[0m
[1] [90m17.04.01 18:04:51[0m [32m200[0m [35mGET[0m [90m/node_modules/rxjs/Subject.js[0m
[1] [90m17.04.01 18:04:51[0m [32m200[0m [35mGET[0m [90m/node_modules/rxjs/observable/of.js[0m
[1] [90m17.04.01 18:04:51[0m [32m200[0m [35mGET[0m [90m/node_modules/rxjs/operator/every.js[0m
[1] [90m17.04.01 18:04:51[0m [32m200[0m [35mGET[0m [90m/node_modules/rxjs/operator/concatMap.js[0m
[1] [90m17.04.01 18:04:51[0m [32m200[0m [35mGET[0m [90m/node_modules/rxjs/operator/mergeAll.js[0m
[1] [90m17.04.01 18:04:51[0m [32m200[0m [35mGET[0m [90m/node_modules/rxjs/operator/map.js[0m
[1] [90m17.04.01 18:04:52[0m [32m200[0m [35mGET[0m [90m/node_modules/rxjs/operator/reduce.js[0m
[1] [90m17.04.01 18:04:52[0m [32m200[0m [35mGET[0m [90m/node_modules/rxjs/operator/mergeMap.js[0m
[1] [90m17.04.01 18:04:52[0m [32m200[0m [35mGET[0m [90m/node_modules/rxjs/Observable.js[0m
[1] [90m17.04.01 18:04:52[0m [32m200[0m [35mGET[0m [90m/node_modules/rxjs/operator/catch.js[0m
[1] [90m17.04.01 18:04:52[0m [32m200[0m [35mGET[0m [90m/node_modules/@angular/compiler/bundles/compiler.umd.js[0m
[1] [90m17.04.01 18:04:52[0m [32m200[0m [35mGET[0m [90m/node_modules/rxjs/operator/concatAll.js[0m
[1] [90m17.04.01 18:04:52[0m [32m200[0m [35mGET[0m [90m/node_modules/rxjs/operator/first.js[0m
[1] [90m17.04.01 18:04:52[0m [32m200[0m [35mGET[0m [90m/node_modules/rxjs/util/EmptyError.js[0m
[1] [90m17.04.01 18:04:52[0m [32m200[0m [35mGET[0m [90m/node_modules/rxjs/observable/fromPromise.js[0m
[1] [90m17.04.01 18:04:52[0m [32m200[0m [35mGET[0m [90m/app/contatos/contato.model.js[0m
[1] [90m17.04.01 18:04:52[0m [32m200[0m [35mGET[0m [90m/app/contatos/contatos-mock.js[0m
[1] [90m17.04.01 18:04:52[0m [32m200[0m [35mGET[0m [90m/node_modules/rxjs/operator/filter.js[0m
[1] [90m17.04.01 18:04:52[0m [32m200[0m [35mGET[0m [90m/node_modules/rxjs/operator/last.js[0m
[1] [90m17.04.01 18:04:52[0m [32m200[0m [35mGET[0m [90m/node_modules/rxjs/BehaviorSubject.js[0m
[1] [90m17.04.01 18:04:52[0m [32m200[0m [35mGET[0m [90m/node_modules/rxjs/operator/toPromise.js[0m
[1] [90m17.04.01 18:04:52[0m [32m200[0m [35mGET[0m [90m/node_modules/rxjs/observable/FromObservable.js[0m
[1] [90m17.04.01 18:04:52[0m [32m200[0m [35mGET[0m [90m/node_modules/rxjs/Subscriber.js[0m
[1] [90m17.04.01 18:04:52[0m [32m200[0m [35mGET[0m [90m/node_modules/rxjs/Subscription.js[0m
[1] [90m17.04.01 18:04:52[0m [32m200[0m [35mGET[0m [90m/node_modules/rxjs/util/ObjectUnsubscribedError.js[0m
[1] [90m17.04.01 18:04:52[0m [32m200[0m [35mGET[0m [90m/node_modules/rxjs/SubjectSubscription.js[0m
[1] [90m17.04.01 18:04:52[0m [32m200[0m [35mGET[0m [90m/node_modules/rxjs/observable/ArrayObservable.js[0m
[1] [90m17.04.01 18:04:52[0m [32m200[0m [35mGET[0m [90m/node_modules/rxjs/OuterSubscriber.js[0m
[1] [90m17.04.01 18:04:52[0m [32m200[0m [35mGET[0m [90m/node_modules/rxjs/util/subscribeToResult.js[0m
[1] [90m17.04.01 18:04:52[0m [32m200[0m [35mGET[0m [90m/node_modules/rxjs/symbol/rxSubscriber.js[0m
[1] [90m17.04.01 18:04:52[0m [32m200[0m [35mGET[0m [90m/node_modules/rxjs/util/root.js[0m
[1] [90m17.04.01 18:04:52[0m [32m200[0m [35mGET[0m [90m/node_modules/rxjs/util/toSubscriber.js[0m
[1] [90m17.04.01 18:04:52[0m [32m200[0m [35mGET[0m [90m/node_modules/rxjs/symbol/observable.js[0m
[1] [90m17.04.01 18:04:52[0m [32m200[0m [35mGET[0m [90m/node_modules/rxjs/observable/PromiseObservable.js[0m
[1] [90m17.04.01 18:04:52[0m [32m200[0m [35mGET[0m [90m/node_modules/rxjs/util/isArray.js[0m
[1] [90m17.04.01 18:04:52[0m [32m200[0m [35mGET[0m [90m/node_modules/rxjs/util/isPromise.js[0m
[1] [90m17.04.01 18:04:52[0m [32m200[0m [35mGET[0m [90m/node_modules/rxjs/observable/IteratorObservable.js[0m
[1] [90m17.04.01 18:04:52[0m [32m200[0m [35mGET[0m [90m/node_modules/rxjs/observable/ArrayLikeObservable.js[0m
[1] [90m17.04.01 18:04:52[0m [32m200[0m [35mGET[0m [90m/node_modules/rxjs/symbol/iterator.js[0m
[1] [90m17.04.01 18:04:52[0m [32m200[0m [35mGET[0m [90m/node_modules/rxjs/operator/observeOn.js[0m
[1] [90m17.04.01 18:04:52[0m [32m200[0m [35mGET[0m [90m/node_modules/rxjs/util/isFunction.js[0m
[1] [90m17.04.01 18:04:52[0m [32m200[0m [35mGET[0m [90m/node_modules/rxjs/Observer.js[0m
[1] [90m17.04.01 18:04:52[0m [32m200[0m [35mGET[0m [90m/node_modules/rxjs/util/isObject.js[0m
[1] [90m17.04.01 18:04:52[0m [32m200[0m [35mGET[0m [90m/node_modules/rxjs/util/tryCatch.js[0m
[1] [90m17.04.01 18:04:52[0m [32m200[0m [35mGET[0m [90m/node_modules/rxjs/util/errorObject.js[0m
[1] [90m17.04.01 18:04:52[0m [32m200[0m [35mGET[0m [90m/node_modules/rxjs/util/UnsubscriptionError.js[0m
[1] [90m17.04.01 18:04:52[0m [32m200[0m [35mGET[0m [90m/node_modules/rxjs/observable/ScalarObservable.js[0m
[1] [90m17.04.01 18:04:52[0m [32m200[0m [35mGET[0m [90m/node_modules/rxjs/observable/EmptyObservable.js[0m
[1] [90m17.04.01 18:04:52[0m [32m200[0m [35mGET[0m [90m/node_modules/rxjs/util/isScheduler.js[0m
[1] [90m17.04.01 18:04:52[0m [32m200[0m [35mGET[0m [90m/node_modules/rxjs/InnerSubscriber.js[0m
[1] [90m17.04.01 18:04:52[0m [32m200[0m [35mGET[0m [90m/node_modules/rxjs/Notification.js[0m
[1] [90m17.04.01 18:04:52[0m [32m200[0m [35mGET[0m [90m/app/contatos/contatos-lista.component.html[0m
[1] [90m17.04.01 18:04:52[0m [32m200[0m [35mGET[0m [90m/app/app.component.html[0m
[1] [90m17.04.01 18:04:52[0m [32m200[0m [35mGET[0m [90m/app/contatos/contato-detalhe.component.html[0m
[1] [90m17.04.01 18:05:15[0m [36m304[0m [35mGET[0m [90m/index.html[0m
[1] [90m17.04.01 18:05:15[0m [36m304[0m [35mGET[0m [90m/node_modules/bootstrap/dist/css/bootstrap.min.css[0m
[1] [90m17.04.01 18:05:15[0m [36m304[0m [35mGET[0m [90m/styles.css[0m
[1] [90m17.04.01 18:05:15[0m [36m304[0m [35mGET[0m [90m/node_modules/core-js/client/shim.min.js[0m
[1] [90m17.04.01 18:05:15[0m [36m304[0m [35mGET[0m [90m/node_modules/zone.js/dist/zone.js[0m
[1] [90m17.04.01 18:05:15[0m [36m304[0m [35mGET[0m [90m/node_modules/reflect-metadata/Reflect.js[0m
[1] [90m17.04.01 18:05:15[0m [36m304[0m [35mGET[0m [90m/node_modules/systemjs/dist/system.src.js[0m
[1] [90m17.04.01 18:05:15[0m [36m304[0m [35mGET[0m [90m/systemjs.config.js[0m
[1] [90m17.04.01 18:05:15[0m [36m304[0m [35mGET[0m [90m/app/main.js[0m
[1] [90m17.04.01 18:05:15[0m [36m304[0m [35mGET[0m [90m/node_modules/@angular/platform-browser-dynamic/bundles/platform-browser-dynamic.umd.js[0m
[1] [90m17.04.01 18:05:15[0m [36m304[0m [35mGET[0m [90m/app/app.module.js[0m
[1] [90m17.04.01 18:05:15[0m [36m304[0m [35mGET[0m [90m/node_modules/@angular/compiler/bundles/compiler.umd.js[0m
[1] [90m17.04.01 18:05:15[0m [36m304[0m [35mGET[0m [90m/node_modules/@angular/core/bundles/core.umd.js[0m
[1] [90m17.04.01 18:05:15[0m [36m304[0m [35mGET[0m [90m/node_modules/@angular/platform-browser/bundles/platform-browser.umd.js[0m
[1] [90m17.04.01 18:05:15[0m [36m304[0m [35mGET[0m [90m/app/app.component.js[0m
[1] [90m17.04.01 18:05:15[0m [36m304[0m [35mGET[0m [90m/app/app-routing.module.js[0m
[1] [90m17.04.01 18:05:15[0m [36m304[0m [35mGET[0m [90m/app/contatos/contatos.module.js[0m
[1] [90m17.04.01 18:05:15[0m [36m304[0m [35mGET[0m [90m/node_modules/@angular/common/bundles/common.umd.js[0m
[1] [90m17.04.01 18:05:15[0m [36m304[0m [35mGET[0m [90m/node_modules/@angular/router/bundles/router.umd.js[0m
[1] [90m17.04.01 18:05:15[0m [36m304[0m [35mGET[0m [90m/node_modules/@angular/forms/bundles/forms.umd.js[0m
[1] [90m17.04.01 18:05:15[0m [36m304[0m [35mGET[0m [90m/app/contatos/contato-routing.module.js[0m
[1] [90m17.04.01 18:05:15[0m [36m304[0m [35mGET[0m [90m/app/contatos/contatos-lista.component.js[0m
[1] [90m17.04.01 18:05:15[0m [36m304[0m [35mGET[0m [90m/app/contatos/contato-detalhe.component.js[0m
[1] [90m17.04.01 18:05:15[0m [36m304[0m [35mGET[0m [90m/app/contatos/contato.service.js[0m
[1] [90m17.04.01 18:05:15[0m [36m304[0m [35mGET[0m [90m/node_modules/rxjs/Subject.js[0m
[1] [90m17.04.01 18:05:15[0m [36m304[0m [35mGET[0m [90m/node_modules/rxjs/Observable.js[0m
[1] [90m17.04.01 18:05:15[0m [36m304[0m [35mGET[0m [90m/node_modules/rxjs/observable/from.js[0m
[1] [90m17.04.01 18:05:15[0m [36m304[0m [35mGET[0m [90m/node_modules/rxjs/observable/of.js[0m
[1] [90m17.04.01 18:05:15[0m [36m304[0m [35mGET[0m [90m/node_modules/rxjs/operator/concatMap.js[0m
[1] [90m17.04.01 18:05:15[0m [36m304[0m [35mGET[0m [90m/node_modules/rxjs/operator/every.js[0m
[1] [90m17.04.01 18:05:15[0m [36m304[0m [35mGET[0m [90m/node_modules/rxjs/operator/map.js[0m
[1] [90m17.04.01 18:05:15[0m [36m304[0m [35mGET[0m [90m/node_modules/rxjs/operator/mergeAll.js[0m
[1] [90m17.04.01 18:05:15[0m [36m304[0m [35mGET[0m [90m/node_modules/rxjs/operator/mergeMap.js[0m
[1] [90m17.04.01 18:05:15[0m [36m304[0m [35mGET[0m [90m/node_modules/rxjs/operator/reduce.js[0m
[1] [90m17.04.01 18:05:15[0m [36m304[0m [35mGET[0m [90m/node_modules/rxjs/operator/catch.js[0m
[1] [90m17.04.01 18:05:15[0m [36m304[0m [35mGET[0m [90m/node_modules/rxjs/operator/concatAll.js[0m
[1] [90m17.04.01 18:05:15[0m [36m304[0m [35mGET[0m [90m/node_modules/rxjs/operator/first.js[0m
[1] [90m17.04.01 18:05:15[0m [36m304[0m [35mGET[0m [90m/node_modules/rxjs/util/EmptyError.js[0m
[1] [90m17.04.01 18:05:15[0m [36m304[0m [35mGET[0m [90m/node_modules/rxjs/observable/fromPromise.js[0m
[1] [90m17.04.01 18:05:15[0m [36m304[0m [35mGET[0m [90m/node_modules/rxjs/operator/last.js[0m
[1] [90m17.04.01 18:05:15[0m [36m304[0m [35mGET[0m [90m/node_modules/rxjs/BehaviorSubject.js[0m
[1] [90m17.04.01 18:05:15[0m [36m304[0m [35mGET[0m [90m/node_modules/rxjs/operator/filter.js[0m
[1] [90m17.04.01 18:05:15[0m [36m304[0m [35mGET[0m [90m/app/contatos/contato.model.js[0m
[1] [90m17.04.01 18:05:15[0m [36m304[0m [35mGET[0m [90m/app/contatos/contatos-mock.js[0m
[1] [90m17.04.01 18:05:15[0m [36m304[0m [35mGET[0m [90m/node_modules/rxjs/operator/toPromise.js[0m
[1] [90m17.04.01 18:05:15[0m [36m304[0m [35mGET[0m [90m/node_modules/rxjs/Subscriber.js[0m
[1] [90m17.04.01 18:05:15[0m [36m304[0m [35mGET[0m [90m/node_modules/rxjs/Subscription.js[0m
[1] [90m17.04.01 18:05:15[0m [36m304[0m [35mGET[0m [90m/node_modules/rxjs/util/ObjectUnsubscribedError.js[0m
[1] [90m17.04.01 18:05:15[0m [36m304[0m [35mGET[0m [90m/node_modules/rxjs/SubjectSubscription.js[0m
[1] [90m17.04.01 18:05:15[0m [36m304[0m [35mGET[0m [90m/node_modules/rxjs/symbol/rxSubscriber.js[0m
[1] [90m17.04.01 18:05:15[0m [36m304[0m [35mGET[0m [90m/node_modules/rxjs/util/root.js[0m
[1] [90m17.04.01 18:05:15[0m [36m304[0m [35mGET[0m [90m/node_modules/rxjs/util/toSubscriber.js[0m
[1] [90m17.04.01 18:05:15[0m [36m304[0m [35mGET[0m [90m/node_modules/rxjs/symbol/observable.js[0m
[1] [90m17.04.01 18:05:15[0m [36m304[0m [35mGET[0m [90m/node_modules/rxjs/observable/FromObservable.js[0m
[1] [90m17.04.01 18:05:15[0m [36m304[0m [35mGET[0m [90m/node_modules/rxjs/observable/ArrayObservable.js[0m
[1] [90m17.04.01 18:05:15[0m [36m304[0m [35mGET[0m [90m/node_modules/rxjs/OuterSubscriber.js[0m
[1] [90m17.04.01 18:05:15[0m [36m304[0m [35mGET[0m [90m/node_modules/rxjs/util/subscribeToResult.js[0m
[1] [90m17.04.01 18:05:15[0m [36m304[0m [35mGET[0m [90m/node_modules/rxjs/observable/PromiseObservable.js[0m
[1] [90m17.04.01 18:05:15[0m [36m304[0m [35mGET[0m [90m/node_modules/rxjs/util/isFunction.js[0m
[1] [90m17.04.01 18:05:15[0m [36m304[0m [35mGET[0m [90m/node_modules/rxjs/Observer.js[0m
[1] [90m17.04.01 18:05:15[0m [36m304[0m [35mGET[0m [90m/node_modules/rxjs/util/isArray.js[0m
[1] [90m17.04.01 18:05:15[0m [36m304[0m [35mGET[0m [90m/node_modules/rxjs/util/isObject.js[0m
[1] [90m17.04.01 18:05:15[0m [36m304[0m [35mGET[0m [90m/node_modules/rxjs/util/tryCatch.js[0m
[1] [90m17.04.01 18:05:15[0m [36m304[0m [35mGET[0m [90m/node_modules/rxjs/util/errorObject.js[0m
[1] [90m17.04.01 18:05:15[0m [36m304[0m [35mGET[0m [90m/node_modules/rxjs/util/UnsubscriptionError.js[0m
[1] [90m17.04.01 18:05:15[0m [36m304[0m [35mGET[0m [90m/node_modules/rxjs/util/isPromise.js[0m
[1] [90m17.04.01 18:05:15[0m [36m304[0m [35mGET[0m [90m/node_modules/rxjs/observable/IteratorObservable.js[0m
[1] [90m17.04.01 18:05:15[0m [36m304[0m [35mGET[0m [90m/node_modules/rxjs/observable/ArrayLikeObservable.js[0m
[1] [90m17.04.01 18:05:15[0m [36m304[0m [35mGET[0m [90m/node_modules/rxjs/symbol/iterator.js[0m
[1] [90m17.04.01 18:05:15[0m [36m304[0m [35mGET[0m [90m/node_modules/rxjs/operator/observeOn.js[0m
[1] [90m17.04.01 18:05:15[0m [36m304[0m [35mGET[0m [90m/node_modules/rxjs/observable/ScalarObservable.js[0m
[1] [90m17.04.01 18:05:15[0m [36m304[0m [35mGET[0m [90m/node_modules/rxjs/observable/EmptyObservable.js[0m
[1] [90m17.04.01 18:05:15[0m [36m304[0m [35mGET[0m [90m/node_modules/rxjs/util/isScheduler.js[0m
[1] [90m17.04.01 18:05:15[0m [36m304[0m [35mGET[0m [90m/node_modules/rxjs/InnerSubscriber.js[0m
[1] [90m17.04.01 18:05:15[0m [36m304[0m [35mGET[0m [90m/node_modules/rxjs/Notification.js[0m
[1] [90m17.04.01 18:05:16[0m [36m304[0m [35mGET[0m [90m/app/contatos/contatos-lista.component.html[0m
[1] [90m17.04.01 18:05:16[0m [36m304[0m [35mGET[0m [90m/app/contatos/contato-detalhe.component.html[0m
[1] [90m17.04.01 18:05:16[0m [36m304[0m [35mGET[0m [90m/app/app.component.html[0m
[0] tsc -w exited with code null
[1] lite-server exited with code null
